<?xml version="1.0" encoding="UTF-8"?>
<testng-results ignored="0" total="2" passed="2" failed="0" skipped="0">
  <reporter-output>
  </reporter-output>
  <suite started-at="2024-07-15T00:36:00 EDT" name="AppiumTestSuite" finished-at="2024-07-15T00:36:54 EDT" duration-ms="53573">
    <groups>
    </groups>
    <test started-at="2024-07-15T00:36:00 EDT" name="APKInstall" finished-at="2024-07-15T00:36:54 EDT" duration-ms="53573">
      <class name="Demo.APKInstall">
        <test-method is-config="true" signature="setUp()[pri:0, instance:Demo.APKInstall@1725dc0f]" started-at="2024-07-15T00:36:00 EDT" name="setUp" finished-at="2024-07-15T00:36:26 EDT" duration-ms="25739" status="PASS">
          <reporter-output>
          </reporter-output>
        </test-method> <!-- setUp -->
        <test-method signature="testAutoLoginSkip()[pri:0, instance:Demo.APKInstall@1725dc0f]" started-at="2024-07-15T00:36:26 EDT" name="testAutoLoginSkip" finished-at="2024-07-15T00:36:35 EDT" duration-ms="8799" status="PASS">
          <reporter-output>
          </reporter-output>
        </test-method> <!-- testAutoLoginSkip -->
        <test-method signature="sortRestaurant()[pri:0, instance:Demo.APKInstall@1725dc0f]" started-at="2024-07-15T00:36:35 EDT" name="sortRestaurant" finished-at="2024-07-15T00:36:52 EDT" depends-on-methods="Demo.APKInstall.testAutoLoginSkip" duration-ms="17661" status="PASS">
          <reporter-output>
          </reporter-output>
        </test-method> <!-- sortRestaurant -->
        <test-method is-config="true" signature="tearDown()[pri:0, instance:Demo.APKInstall@1725dc0f]" started-at="2024-07-15T00:36:52 EDT" name="tearDown" finished-at="2024-07-15T00:36:54 EDT" duration-ms="1274" status="PASS">
          <reporter-output>
          </reporter-output>
        </test-method> <!-- tearDown -->
      </class> <!-- Demo.APKInstall -->
    </test> <!-- APKInstall -->
  </suite> <!-- AppiumTestSuite -->
</testng-results>
