<?xml version="1.0" encoding="UTF-8"?>
<testng-results ignored="0" total="2" passed="2" failed="0" skipped="0">
  <reporter-output>
  </reporter-output>
  <suite started-at="2024-07-15T00:25:34 EDT" name="AppiumTestSuite" finished-at="2024-07-15T00:26:29 EDT" duration-ms="55236">
    <groups>
    </groups>
    <test started-at="2024-07-15T00:25:34 EDT" name="APKInstall" finished-at="2024-07-15T00:26:29 EDT" duration-ms="55236">
      <class name="Demo.APKInstall">
        <test-method is-config="true" signature="setUp()[pri:0, instance:Demo.APKInstall@327514f]" started-at="2024-07-15T00:25:34 EDT" name="setUp" finished-at="2024-07-15T00:25:58 EDT" duration-ms="24152" status="PASS">
          <reporter-output>
          </reporter-output>
        </test-method> <!-- setUp -->
        <test-method signature="testAutoLoginSkip()[pri:0, instance:Demo.APKInstall@327514f]" started-at="2024-07-15T00:25:58 EDT" name="testAutoLoginSkip" finished-at="2024-07-15T00:26:09 EDT" duration-ms="11173" status="PASS">
          <reporter-output>
          </reporter-output>
        </test-method> <!-- testAutoLoginSkip -->
        <test-method signature="sortRestaurant()[pri:0, instance:Demo.APKInstall@327514f]" started-at="2024-07-15T00:26:09 EDT" name="sortRestaurant" finished-at="2024-07-15T00:26:28 EDT" depends-on-methods="Demo.APKInstall.testAutoLoginSkip" duration-ms="18557" status="PASS">
          <reporter-output>
          </reporter-output>
        </test-method> <!-- sortRestaurant -->
        <test-method is-config="true" signature="tearDown()[pri:0, instance:Demo.APKInstall@327514f]" started-at="2024-07-15T00:26:28 EDT" name="tearDown" finished-at="2024-07-15T00:26:29 EDT" duration-ms="1240" status="PASS">
          <reporter-output>
          </reporter-output>
        </test-method> <!-- tearDown -->
      </class> <!-- Demo.APKInstall -->
    </test> <!-- APKInstall -->
  </suite> <!-- AppiumTestSuite -->
</testng-results>
